<?xml version="1.0" encoding="UTF-8"?>
<!-- Generated by org.testng.reporters.JUnitReportReporter -->
<testsuite hostname="ZCHD-CQR-ARADHYA-MOHTA" failures="0" tests="5" name="AssessmentProject.ProjectTest" time="8.991" errors="0" timestamp="02 Jun 2022 05:29:55 GMT" skipped="0">
  <testcase classname="AssessmentProject.ProjectTest" name="f" time="0.014"/>
  <testcase classname="AssessmentProject.ProjectTest" name="f1" time="1.198"/>
  <testcase classname="AssessmentProject.ProjectTest" name="find_tools_utility" time="0.662"/>
  <testcase classname="AssessmentProject.ProjectTest" name="add_tool" time="3.486"/>
  <testcase classname="AssessmentProject.ProjectTest" name="search_tool" time="3.631"/>
</testsuite> <!-- AssessmentProject.ProjectTest -->
